<?xml version="1.0" encoding="UTF-8"?>
<!-- Generated by org.testng.reporters.JUnitReportReporter -->
<testsuite hostname="MacBook-Pro-Villi-4.local" failures="0" tests="1" name="Tests.FirstTest" time="2.343" errors="0" timestamp="2021-01-10T11:50:02 EET" skipped="0">
  <testcase classname="Tests.FirstTest" name="shuffleTheCardWithDeck_countDeck_count" time="2.343"/>
</testsuite> <!-- Tests.FirstTest -->
